<?xml version="1.0" encoding="UTF-8"?>
<!-- Generated by org.testng.reporters.JUnitReportReporter -->
<testsuite hostname="cyb3r_ark97" failures="0" tests="1" name="RestAPI" time="47.475" errors="0" timestamp="2024-03-17T01:20:00 PDT" skipped="0">
  <testcase classname="RestAPI" name="RestApi" time="47.475"/>
  <system-out/>
</testsuite> <!-- RestAPI -->
