<?xml version="1.0" encoding="UTF-8"?>
<!-- Generated by org.testng.reporters.JUnitReportReporter -->
<testsuite hostname="cyb3r_ark97" failures="0" tests="1" name="EmployeeSoapApiSingle" time="15.026" errors="0" timestamp="2024-03-17T01:15:44 PDT" skipped="0">
  <testcase classname="EmployeeSoapApiSingle" name="soapApi" time="15.026"/>
  <system-out/>
</testsuite> <!-- EmployeeSoapApiSingle -->
