<?xml version="1.0" encoding="UTF-8"?>
<!-- Generated by org.testng.reporters.JUnitReportReporter -->
<testsuite hostname="cyb3r_ark97" failures="0" tests="1" name="EmployeeMgmtSOAPAPI.EmployeeMgmtSoapApi" time="1.049" errors="0" timestamp="19 Mar 2024 05:28:56 GMT">
  <testcase classname="EmployeeMgmtSOAPAPI.EmployeeMgmtSoapApi" name="soapApi" time="1.049"/>
</testsuite> <!-- EmployeeMgmtSOAPAPI.EmployeeMgmtSoapApi -->
